<?xml version="1.0" encoding="UTF-8"?>
<!-- Generated by org.testng.reporters.JUnitReportReporter -->
<testsuite hostname="ABHISSIK" name="com.test.AppTest" tests="1" failures="0" timestamp="3 Jan 2016 15:04:27 GMT" time="0.004" errors="0">
  <testcase name="testApp" time="0.004" classname="com.test.AppTest"/>
</testsuite>
